Vivado Simulator v2023.2
Copyright 1986-2022 Xilinx, Inc. All Rights Reserved.
Copyright 2022-2023 Advanced Micro Devices, Inc. All Rights Reserved.
Running: C:/Xilinx/Vivado/2023.2/bin/unwrapped/win64.o/xelab.exe --incr --debug typical --relax --mt 2 -L xil_defaultlib -L unisims_ver -L secureip --snapshot AES_128_Encrypt_tb_func_synth xil_defaultlib.AES_128_Encrypt_tb xil_defaultlib.glbl -log elaborate.log 
Using 2 slave threads.
Starting static elaboration
Pass Through NonSizing Optimizer
Completed static elaboration
Starting simulation data flow analysis
Completed simulation data flow analysis
Time Resolution for simulation is 1ps
Compiling module unisims_ver.x_lut1_mux2
Compiling module unisims_ver.LUT1
Compiling module unisims_ver.FDCE_default
Compiling module unisims_ver.latchsre_ldce
Compiling module unisims_ver.LDCE
Compiling module unisims_ver.LUT6
Compiling module unisims_ver.x_lut2_mux4
Compiling module unisims_ver.LUT2
Compiling module unisims_ver.LUT5
Compiling module unisims_ver.MUXF8
Compiling module unisims_ver.MUXF7
Compiling module xil_defaultlib.SubBytes_15
Compiling module unisims_ver.LUT4
Compiling module unisims_ver.x_lut3_mux8
Compiling module unisims_ver.LUT3
Compiling module xil_defaultlib.SubBytes_16
Compiling module xil_defaultlib.SubBytes_17
Compiling module xil_defaultlib.SubBytes_18
Compiling module xil_defaultlib.Gfunc
Compiling module xil_defaultlib.KeyExpansion
Compiling module xil_defaultlib.SubBytes
Compiling module xil_defaultlib.SubBytes_0
Compiling module xil_defaultlib.SubBytes_1
Compiling module xil_defaultlib.SubBytes_2
Compiling module xil_defaultlib.SubBytes_3
Compiling module xil_defaultlib.SubBytes_4
Compiling module xil_defaultlib.SubBytes_5
Compiling module xil_defaultlib.SubBytes_6
Compiling module xil_defaultlib.SubBytes_7
Compiling module xil_defaultlib.SubBytes_8
Compiling module xil_defaultlib.SubBytes_9
Compiling module xil_defaultlib.SubBytes_10
Compiling module xil_defaultlib.SubBytes_11
Compiling module xil_defaultlib.SubBytes_12
Compiling module xil_defaultlib.SubBytes_13
Compiling module xil_defaultlib.SubBytes_14
Compiling module xil_defaultlib.SubBytes_128
Compiling module unisims_ver.OBUF
Compiling module unisims_ver.BUFG
Compiling module unisims_ver.IBUF
Compiling module unisims_ver.FDRE_default
Compiling module xil_defaultlib.AES_128_Encrypt
Compiling module xil_defaultlib.AES_128_Encrypt_tb
Compiling module xil_defaultlib.glbl
Built simulation snapshot AES_128_Encrypt_tb_func_synth
