Time resolution is 1 ps
****************************
**   Simulation Start     **
****************************
----------------------------------------------------------------------
Get done at cycle:        16
Final ciphertext: ff0b844a0853bf7c6934ab4364148fb9
Test Case 1 Passed.
----------------------------------------------------------------------
----------------------------------------------------------------------
Get done at cycle:        29
Final ciphertext: cdffb080bcc0950f2bb1e321a6172a8c
Test Case 2 Passed.
----------------------------------------------------------------------
----------------------------------------------------------------------
Get done at cycle:        42
Final ciphertext: 28021b7f7e953f14690b212093ab10cc
Test Case 3 Passed.
----------------------------------------------------------------------
----------------------------------------------------------------------
Get done at cycle:        55
Final ciphertext: ad24c65048895e7aae6b04157c3dca02
Test Case 4 Passed.
----------------------------------------------------------------------
----------------------------------------------------------------------
Get done at cycle:        68
Final ciphertext: 40e4604d8a98c85d62a919136e5f76f9
Test Case 5 Passed.
----------------------------------------------------------------------
----------------------------------------------------------------------
Get done at cycle:        81
Final ciphertext: 40e4604d8a98c85d62a919136e5f76f9
----------------------------------------------------------------------
*******************************
**   Finish Simulation       **
**   RUN CYCLE =         82  **
**   Passed total =   5/5   **
*******************************
$finish called at time : 1630 ns : File "E:/Projects/AES_128/AES_128.srcs/sim_1/new/AES_128_Encrypt_tb.sv" Line 238
